{
  "RSpec": {
    "coverage": {
      "/Users/vieenaysiingh/Documents/project/Assesment/assesment-api/config/environment.rb": [
        null,
        null,
        null,
        1,
        null,
        null,
        1
      ],
      "/Users/vieenaysiingh/Documents/project/Assesment/assesment-api/config/application.rb": [
        null,
        null,
        1,
        null,
        1,
        null,
        null,
        null,
        1,
        null,
        1,
        1,
        null,
        null,
        null,
        null,
        null
      ],
      "/Users/vieenaysiingh/Documents/project/Assesment/assesment-api/config/boot.rb": [
        null,
        null,
        1,
        null,
        1
      ],
      "/Users/vieenaysiingh/Documents/project/Assesment/assesment-api/config/environments/test.rb": [
        null,
        null,
        1,
        null,
        null,
        null,
        null,
        null,
        null,
        1,
        null,
        null,
        null,
        null,
        1,
        null,
        null,
        1,
        1,
        null,
        null,
        null,
        null,
        1,
        1,
        null,
        null,
        1,
        null,
        null,
        1,
        1,
        null,
        null,
        null,
        null,
        1,
        null,
        null,
        1,
        null,
        null,
        null,
        null
      ],
      "/Users/vieenaysiingh/Documents/project/Assesment/assesment-api/config/initializers/active_admin.rb": [
        1,
        null,
        null,
        null,
        null,
        null,
        1,
        null,
        null,
        null,
        null,
        1,
        null,
        null,
        null,
        null,
        null,
        null,
        null,
        null,
        null,
        null,
        null,
        null,
        null,
        null,
        null,
        null,
        null,
        null,
        null,
        null,
        null,
        null,
        null,
        1,
        1,
        0,
        0,
        null,
        null,
        null,
        null,
        null,
        null,
        null,
        null,
        null,
        null,
        null,
        null,
        null,
        null,
        null,
        null,
        null,
        null,
        null,
        null,
        null,
        null,
        null,
        null,
        null,
        null,
        null,
        1,
        null,
        null,
        null,
        null,
        null,
        null,
        null,
        null,
        null,
        null,
        null,
        null,
        null,
        null,
        null,
        null,
        null,
        null,
        null,
        null,
        null,
        null,
        null,
        null,
        null,
        null,
        null,
        null,
        null,
        null,
        null,
        1,
        null,
        null,
        null,
        null,
        null,
        null,
        null,
        null,
        null,
        null,
        null,
        1,
        null,
        null,
        null,
        null,
        null,
        null,
        null,
        null,
        null,
        null,
        null,
        null,
        null,
        null,
        null,
        null,
        null,
        null,
        null,
        null,
        null,
        null,
        null,
        null,
        null,
        null,
        null,
        null,
        null,
        null,
        null,
        null,
        null,
        null,
        null,
        null,
        null,
        null,
        null,
        1,
        null,
        null,
        null,
        null,
        null,
        null,
        null,
        null,
        null,
        null,
        null,
        null,
        null,
        null,
        1,
        null,
        null,
        null,
        null,
        null,
        null,
        null,
        null,
        null,
        null,
        null,
        null,
        null,
        null,
        null,
        null,
        null,
        null,
        null,
        null,
        null,
        null,
        null,
        null,
        null,
        null,
        null,
        null,
        null,
        null,
        null,
        null,
        null,
        null,
        null,
        null,
        null,
        null,
        null,
        null,
        null,
        null,
        null,
        null,
        null,
        null,
        null,
        null,
        null,
        null,
        null,
        null,
        null,
        null,
        null,
        null,
        null,
        null,
        null,
        null,
        null,
        null,
        null,
        null,
        null,
        null,
        null,
        null,
        null,
        null,
        null,
        null,
        null,
        null,
        null,
        null,
        null,
        null,
        null,
        null,
        null,
        null,
        null,
        null,
        null,
        null,
        null,
        null,
        null,
        null,
        null,
        null,
        null,
        null,
        null,
        null,
        null,
        null,
        null,
        null,
        null,
        null,
        null,
        null,
        null,
        null,
        null,
        null,
        null,
        null,
        null,
        null,
        null,
        null,
        null,
        null,
        null,
        null,
        null,
        null,
        null,
        null,
        null,
        null,
        null,
        null,
        null,
        null,
        null,
        null,
        null,
        null,
        null,
        null,
        null,
        null,
        null
      ],
      "/Users/vieenaysiingh/Documents/project/Assesment/assesment-api/config/initializers/application_controller_renderer.rb": [
        null,
        null,
        null,
        null,
        null,
        null,
        null,
        null,
        null,
        null
      ],
      "/Users/vieenaysiingh/Documents/project/Assesment/assesment-api/config/initializers/assets.rb": [
        null,
        null,
        null,
        null,
        null,
        1,
        null,
        null,
        null,
        null,
        null,
        null,
        null
      ],
      "/Users/vieenaysiingh/Documents/project/Assesment/assesment-api/config/initializers/backtrace_silencers.rb": [
        null,
        null,
        null,
        null,
        null,
        null,
        null,
        null,
        null
      ],
      "/Users/vieenaysiingh/Documents/project/Assesment/assesment-api/config/initializers/cookies_serializer.rb": [
        null,
        null,
        null,
        null,
        null,
        null,
        1
      ],
      "/Users/vieenaysiingh/Documents/project/Assesment/assesment-api/config/initializers/cors.rb": [
        null,
        null,
        null,
        null,
        null,
        null,
        null,
        null,
        null,
        1,
        1,
        1,
        null,
        1,
        null,
        null,
        null,
        null,
        null
      ],
      "/Users/vieenaysiingh/Documents/project/Assesment/assesment-api/config/initializers/devise.rb": [
        null,
        null,
        null,
        null,
        1,
        null,
        null,
        null,
        null,
        null,
        null,
        null,
        null,
        null,
        null,
        null,
        null,
        null,
        null,
        null,
        1,
        null,
        null,
        null,
        null,
        null,
        null,
        null,
        null,
        null,
        null,
        null,
        1,
        null,
        null,
        null,
        null,
        null,
        null,
        null,
        null,
        null,
        null,
        null,
        null,
        null,
        null,
        null,
        null,
        null,
        null,
        null,
        null,
        null,
        1,
        null,
        null,
        null,
        null,
        1,
        null,
        null,
        null,
        null,
        null,
        null,
        null,
        null,
        null,
        null,
        null,
        null,
        null,
        null,
        null,
        null,
        null,
        null,
        null,
        null,
        null,
        null,
        null,
        null,
        null,
        null,
        null,
        null,
        null,
        null,
        1,
        null,
        null,
        null,
        null,
        null,
        null,
        null,
        null,
        null,
        null,
        null,
        null,
        null,
        null,
        null,
        null,
        null,
        null,
        null,
        null,
        null,
        null,
        1,
        null,
        null,
        null,
        null,
        null,
        null,
        null,
        null,
        null,
        null,
        null,
        null,
        null,
        null,
        null,
        null,
        null,
        null,
        null,
        null,
        null,
        null,
        null,
        null,
        null,
        null,
        null,
        null,
        null,
        null,
        1,
        null,
        null,
        null,
        null,
        null,
        null,
        null,
        null,
        null,
        1,
        null,
        null,
        null,
        null,
        null,
        null,
        null,
        null,
        null,
        null,
        1,
        null,
        null,
        null,
        null,
        1,
        null,
        null,
        null,
        null,
        null,
        null,
        null,
        null,
        null,
        null,
        null,
        null,
        null,
        null,
        null,
        null,
        null,
        null,
        null,
        null,
        null,
        null,
        null,
        null,
        null,
        null,
        null,
        null,
        null,
        null,
        null,
        null,
        null,
        null,
        null,
        null,
        null,
        null,
        null,
        null,
        1,
        null,
        null,
        null,
        null,
        null,
        null,
        null,
        null,
        null,
        null,
        null,
        null,
        null,
        null,
        null,
        null,
        null,
        null,
        null,
        null,
        null,
        null,
        null,
        null,
        null,
        null,
        null,
        null,
        null,
        null,
        null,
        null,
        null,
        null,
        null,
        null,
        null,
        null,
        null,
        null,
        null,
        1,
        null,
        null,
        null,
        null,
        null,
        null,
        null,
        null,
        null,
        null,
        null,
        null,
        null,
        null,
        null,
        null,
        null,
        null,
        null,
        null,
        null,
        null,
        null,
        null,
        null,
        null,
        null,
        null,
        null
      ],
      "/Users/vieenaysiingh/Documents/project/Assesment/assesment-api/config/initializers/devise_token_auth.rb": [
        null,
        null,
        1,
        null,
        null,
        null,
        null,
        null,
        null,
        null,
        null,
        null,
        null,
        null,
        null,
        null,
        null,
        null,
        null,
        null,
        null,
        null,
        null,
        null,
        null,
        null,
        null,
        null,
        null,
        null,
        null,
        null,
        null,
        null,
        null,
        null,
        null,
        null,
        null,
        null,
        null,
        null,
        null,
        null,
        null,
        null,
        null,
        null,
        null,
        null
      ],
      "/Users/vieenaysiingh/Documents/project/Assesment/assesment-api/config/initializers/filter_parameter_logging.rb": [
        null,
        null,
        null,
        null,
        null,
        1
      ],
      "/Users/vieenaysiingh/Documents/project/Assesment/assesment-api/config/initializers/inflections.rb": [
        null,
        null,
        null,
        null,
        null,
        null,
        null,
        null,
        null,
        null,
        null,
        null,
        null,
        null,
        null,
        null,
        null,
        null
      ],
      "/Users/vieenaysiingh/Documents/project/Assesment/assesment-api/config/initializers/mime_types.rb": [
        null,
        null,
        null,
        null,
        null,
        null
      ],
      "/Users/vieenaysiingh/Documents/project/Assesment/assesment-api/config/initializers/new_framework_defaults.rb": [
        null,
        null,
        null,
        null,
        null,
        null,
        null,
        null,
        1,
        null,
        null,
        1,
        null,
        null,
        1,
        null,
        null,
        null,
        1,
        null,
        null,
        1,
        null,
        null,
        1,
        null,
        null,
        1
      ],
      "/Users/vieenaysiingh/Documents/project/Assesment/assesment-api/config/initializers/niceql.rb": [
        1,
        null,
        null,
        null,
        null,
        null,
        null,
        null,
        null,
        null,
        null
      ],
      "/Users/vieenaysiingh/Documents/project/Assesment/assesment-api/config/initializers/session_store.rb": [
        null,
        null,
        null,
        null,
        1
      ],
      "/Users/vieenaysiingh/Documents/project/Assesment/assesment-api/config/initializers/wrap_parameters.rb": [
        null,
        null,
        null,
        null,
        null,
        null,
        null,
        null,
        1,
        2,
        null,
        null,
        null,
        null,
        null,
        null
      ],
      "/Users/vieenaysiingh/Documents/project/Assesment/assesment-api/spec/factories/admin_users.rb": [
        1,
        1,
        null,
        null
      ],
      "/Users/vieenaysiingh/Documents/project/Assesment/assesment-api/spec/factories/answers.rb": [
        1,
        1,
        1,
        81,
        81,
        1,
        81,
        1,
        null,
        null
      ],
      "/Users/vieenaysiingh/Documents/project/Assesment/assesment-api/spec/factories/assessments.rb": [
        1,
        1,
        6,
        6,
        6,
        6,
        6,
        null,
        1,
        1,
        5,
        null,
        null,
        null,
        null
      ],
      "/Users/vieenaysiingh/Documents/project/Assesment/assesment-api/spec/factories/questions.rb": [
        1,
        1,
        21,
        21,
        21,
        21,
        1,
        null,
        1,
        1,
        20,
        20,
        60,
        null,
        null,
        null,
        null,
        null
      ],
      "/Users/vieenaysiingh/Documents/project/Assesment/assesment-api/spec/factories/users.rb": [
        1,
        1,
        3,
        2,
        4,
        null,
        null
      ],
      "/Users/vieenaysiingh/Documents/project/Assesment/assesment-api/config/routes.rb": [
        null,
        null,
        1,
        1,
        1,
        1,
        1,
        1,
        1,
        1,
        1,
        null,
        null,
        1,
        null,
        null,
        1,
        1,
        null,
        null
      ],
      "/Users/vieenaysiingh/Documents/project/Assesment/assesment-api/app/controllers/application_controller.rb": [
        null,
        null,
        1,
        null,
        1,
        null
      ],
      "/Users/vieenaysiingh/Documents/project/Assesment/assesment-api/app/helpers/application_helper.rb": [
        null,
        null,
        1,
        null
      ],
      "/Users/vieenaysiingh/Documents/project/Assesment/assesment-api/app/models/admin_user.rb": [
        1,
        null,
        null,
        1,
        null,
        null,
        null
      ],
      "/Users/vieenaysiingh/Documents/project/Assesment/assesment-api/app/models/application_record.rb": [
        null,
        null,
        1,
        1,
        null
      ],
      "/Users/vieenaysiingh/Documents/project/Assesment/assesment-api/app/admin/admin_users.rb": [
        1,
        1,
        null,
        1,
        0,
        0,
        0,
        0,
        0,
        0,
        0,
        null,
        null,
        1,
        1,
        1,
        1,
        null,
        1,
        0,
        0,
        0,
        0,
        null,
        0,
        null,
        null,
        null
      ],
      "/Users/vieenaysiingh/Documents/project/Assesment/assesment-api/app/admin/dashboard.rb": [
        1,
        null,
        1,
        null,
        1,
        0,
        0,
        0,
        0,
        null,
        null,
        null,
        null,
        null,
        null,
        null,
        null,
        null,
        null,
        null,
        null,
        null,
        null,
        null,
        null,
        null,
        null,
        null,
        null,
        null,
        null,
        null,
        null
      ],
      "/Users/vieenaysiingh/Documents/project/Assesment/assesment-api/app/models/user.rb": [
        null,
        null,
        1,
        null,
        null,
        1,
        null,
        1,
        null,
        1,
        null
      ],
      "/Users/vieenaysiingh/Documents/project/Assesment/assesment-api/spec/support/factory_bot.rb": [
        1,
        1,
        null
      ],
      "/Users/vieenaysiingh/Documents/project/Assesment/assesment-api/spec/support/database_cleaner.rb": [
        1,
        1,
        1,
        null,
        null,
        1,
        12,
        null,
        null,
        1,
        0,
        null,
        null,
        1,
        12,
        null,
        null,
        1,
        12,
        null,
        null
      ],
      "/Users/vieenaysiingh/Documents/project/Assesment/assesment-api/spec/controllers/assessments_controller_spec.rb": [

      ],
      "/Users/vieenaysiingh/Documents/project/Assesment/assesment-api/spec/models/admin_user_spec.rb": [
        1,
        null,
        null,
        null,
        null
      ],
      "/Users/vieenaysiingh/Documents/project/Assesment/assesment-api/spec/models/answer_spec.rb": [
        null,
        null,
        null,
        null,
        null,
        null,
        null,
        null,
        null,
        null,
        null,
        null,
        null,
        null
      ],
      "/Users/vieenaysiingh/Documents/project/Assesment/assesment-api/spec/models/assessment_spec.rb": [
        null,
        1,
        1,
        null,
        null,
        6,
        2,
        1,
        null,
        null,
        null,
        1,
        2,
        2,
        null,
        null,
        1,
        2,
        null,
        null,
        1,
        1,
        1,
        1,
        1,
        null,
        null,
        null,
        null,
        1,
        1,
        1,
        1,
        null,
        null,
        1,
        1,
        1,
        null,
        null,
        1,
        1,
        1,
        null,
        null,
        1,
        1,
        1,
        1,
        null,
        null,
        null
      ],
      "/Users/vieenaysiingh/Documents/project/Assesment/assesment-api/app/models/assessment.rb": [
        null,
        1,
        null,
        1,
        null,
        1,
        null,
        1,
        1,
        null,
        1,
        null,
        34,
        null,
        null
      ],
      "/Users/vieenaysiingh/Documents/project/Assesment/assesment-api/spec/models/question_spec.rb": [
        null,
        null,
        null,
        null,
        null,
        null,
        null,
        null,
        null,
        null,
        null,
        null,
        null
      ],
      "/Users/vieenaysiingh/Documents/project/Assesment/assesment-api/spec/models/user_spec.rb": [
        1,
        1,
        null,
        1,
        1,
        null,
        null,
        1,
        1,
        null,
        null,
        1,
        1,
        1,
        null,
        null,
        1,
        1,
        1,
        null,
        null,
        1,
        1,
        1,
        null,
        null
      ],
      "/Users/vieenaysiingh/Documents/project/Assesment/assesment-api/app/models/question.rb": [
        null,
        null,
        1,
        1,
        1,
        1,
        null,
        1,
        null,
        1,
        null,
        null,
        null,
        null,
        null
      ],
      "/Users/vieenaysiingh/Documents/project/Assesment/assesment-api/app/models/answer.rb": [
        null,
        1,
        1,
        null
      ]
    },
    "timestamp": 1540324839
  }
}
